/home/audunab/.npm/_npx/1bf7c3c15bf47d04/node_modules/ts-node/src/index.ts:859
    return new TSError(diagnosticText, diagnosticCodes, diagnostics);
           ^
TSError: тип Unable to compile TypeScript:
src/main.ts(3,21): error TS2307: Cannot find module 'fastify' or its corresponding type declarations.
src/main.ts(4,23): error TS2307: Cannot find module 'mercurius' or its corresponding type declarations.

    at createTSError (/home/audunab/.npm/_npx/1bf7c3c15bf47d04/node_modules/ts-node/src/index.ts:859:12)
    at reportTSError (/home/audunab/.npm/_npx/1bf7c3c15bf47d04/node_modules/ts-node/src/index.ts:863:19)
    at getOutput (/home/audunab/.npm/_npx/1bf7c3c15bf47d04/node_modules/ts-node/src/index.ts:1077:36)
    at Object.compile (/home/audunab/.npm/_npx/1bf7c3c15bf47d04/node_modules/ts-node/src/index.ts:1433:41)
    at Module.m._compile (/home/audunab/.npm/_npx/1bf7c3c15bf47d04/node_modules/ts-node/src/index.ts:1617:30)
    at Module._extensions..js (node:internal/modules/cjs/loader:1209:10)
    at Object.require.extensions.<computed> [as .ts] (/home/audunab/.npm/_npx/1bf7c3c15bf47d04/node_modules/ts-node/src/index.ts:1621:12)
    at Module.load (node:internal/modules/cjs/loader:1033:32)
    at Function.Module._load (node:internal/modules/cjs/loader:868:12)
    at Function.executeUserEntryPoint [as runMain] (node:internal/modules/run_main:81:12) {
  diagnosticCodes: [ 2307, 2307 ]
}
